<?xml version="1.0" encoding="UTF-8"?>
<!-- Generated by org.testng.reporters.JUnitXMLReporter -->
<testsuite ignored="0" hostname="PSL-H022V93" failures="0" tests="3" name="Default test" time="52.76" errors="0" timestamp="2025-03-27T13:30:17 IST">
  <testcase classname="LamdaTestFiles.LambdaTestForChromeBrowser" name="testScenario_SimpleFromDemoTest" time="4.897"/>
  <testcase classname="LamdaTestFiles.LambdaTestForChromeBrowser" name="testScenario2_DragAndDropSliderTest" time="3.671"/>
  <testcase classname="LamdaTestFiles.LambdaTestForChromeBrowser" name="testScenario3_InputFormSubmitTest" time="13.319"/>
</testsuite> <!-- Default test -->
